Grammar

    0 $accept: S $end

    1 S: E

    2 E: STR


Terminals, with rules where they appear

$end (0) 0
error (256)
STR (258) 2


Nonterminals, with rules where they appear

$accept (4)
    on left: 0
S (5)
    on left: 1, on right: 0
E (6)
    on left: 2, on right: 1


State 0

    0 $accept: . S $end

    STR  shift, and go to state 1

    S  go to state 2
    E  go to state 3


State 1

    2 E: STR .

    $default  reduce using rule 2 (E)


State 2

    0 $accept: S . $end

    $end  shift, and go to state 4


State 3

    1 S: E .

    $default  reduce using rule 1 (S)


State 4

    0 $accept: S $end .

    $default  accept
